# JRE version: Java(TM) SE Runtime Environment (17.0.8+9) (build 17.0.8+9-LTS-211)
# Java VM: Java HotSpot(TM) 64-Bit Server VM (17.0.8+9-LTS-211, mixed mode, sharing, tiered, compressed oops, compressed class ptrs, g1 gc, windows-amd64)
GC Precious Log:
 CPUs: 4 total, 4 available
 Memory: 12210M
 Large Page Support: Disabled
 NUMA Support: Disabled
 Compressed Oops: Enabled (Zero based)
 Heap Region Size: 2M
 Heap Min Capacity: 8M
 Heap Initial Capacity: 192M
 Heap Max Capacity: 3054M
 Pre-touch: Disabled
 Parallel Workers: 4
 Concurrent Workers: 1
 Concurrent Refinement Workers: 4
 Periodic GC: Disabled
Heap:
 garbage-first heap   total 344064K, used 55020K [0x0000000741200000, 0x0000000800000000)
  region size 2048K, 19 young (38912K), 1 survivors (2048K)
 Metaspace       used 18625K, committed 18880K, reserved 1114112K
  class space    used 2050K, committed 2176K, reserved 1048576K
GC Heap History (20 events):
Event: 94.952 GC heap before
{Heap before GC invocations=508 (full 0):
 garbage-first heap   total 344064K, used 222937K [0x0000000741200000, 0x0000000800000000)
  region size 2048K, 100 young (204800K), 1 survivors (2048K)
 Metaspace       used 18619K, committed 18880K, reserved 1114112K
  class space    used 2050K, committed 2176K, reserved 1048576K
}
Event: 94.953 GC heap after
{Heap after GC invocations=509 (full 0):
 garbage-first heap   total 344064K, used 20193K [0x0000000741200000, 0x0000000800000000)
  region size 2048K, 1 young (2048K), 1 survivors (2048K)
 Metaspace       used 18619K, committed 18880K, reserved 1114112K
  class space    used 2050K, committed 2176K, reserved 1048576K
}
Event: 95.126 GC heap before
{Heap before GC invocations=509 (full 0):
 garbage-first heap   total 344064K, used 222945K [0x0000000741200000, 0x0000000800000000)
  region size 2048K, 100 young (204800K), 1 survivors (2048K)
 Metaspace       used 18619K, committed 18880K, reserved 1114112K
  class space    used 2050K, committed 2176K, reserved 1048576K
}
Event: 95.127 GC heap after
{Heap after GC invocations=510 (full 0):
 garbage-first heap   total 344064K, used 20196K [0x0000000741200000, 0x0000000800000000)
  region size 2048K, 1 young (2048K), 1 survivors (2048K)
 Metaspace       used 18619K, committed 18880K, reserved 1114112K
  class space    used 2050K, committed 2176K, reserved 1048576K
}
Event: 95.379 GC heap before
{Heap before GC invocations=510 (full 0):
 garbage-first heap   total 344064K, used 222948K [0x0000000741200000, 0x0000000800000000)
  region size 2048K, 100 young (204800K), 1 survivors (2048K)
 Metaspace       used 18621K, committed 18880K, reserved 1114112K
  class space    used 2050K, committed 2176K, reserved 1048576K
}
Event: 95.380 GC heap after
{Heap after GC invocations=511 (full 0):
 garbage-first heap   total 344064K, used 20194K [0x0000000741200000, 0x0000000800000000)
  region size 2048K, 1 young (2048K), 1 survivors (2048K)
 Metaspace       used 18621K, committed 18880K, reserved 1114112K
  class space    used 2050K, committed 2176K, reserved 1048576K
}
Event: 95.543 GC heap before
{Heap before GC invocations=511 (full 0):
 garbage-first heap   total 344064K, used 222946K [0x0000000741200000, 0x0000000800000000)
  region size 2048K, 100 young (204800K), 1 survivors (2048K)
 Metaspace       used 18621K, committed 18880K, reserved 1114112K
  class space    used 2050K, committed 2176K, reserved 1048576K
}
Event: 95.544 GC heap after
{Heap after GC invocations=512 (full 0):
 garbage-first heap   total 344064K, used 20198K [0x0000000741200000, 0x0000000800000000)
  region size 2048K, 1 young (2048K), 1 survivors (2048K)
 Metaspace       used 18621K, committed 18880K, reserved 1114112K
  class space    used 2050K, committed 2176K, reserved 1048576K
}
Event: 95.693 GC heap before
{Heap before GC invocations=512 (full 0):
 garbage-first heap   total 344064K, used 222950K [0x0000000741200000, 0x0000000800000000)
  region size 2048K, 100 young (204800K), 1 survivors (2048K)
 Metaspace       used 18621K, committed 18880K, reserved 1114112K
  class space    used 2050K, committed 2176K, reserved 1048576K
}
Event: 95.694 GC heap after
{Heap after GC invocations=513 (full 0):
 garbage-first heap   total 344064K, used 20195K [0x0000000741200000, 0x0000000800000000)
  region size 2048K, 1 young (2048K), 1 survivors (2048K)
 Metaspace       used 18621K, committed 18880K, reserved 1114112K
  class space    used 2050K, committed 2176K, reserved 1048576K
}
Event: 95.855 GC heap before
{Heap before GC invocations=513 (full 0):
 garbage-first heap   total 344064K, used 222947K [0x0000000741200000, 0x0000000800000000)
  region size 2048K, 100 young (204800K), 1 survivors (2048K)
 Metaspace       used 18621K, committed 18880K, reserved 1114112K
  class space    used 2050K, committed 2176K, reserved 1048576K
}
Event: 95.856 GC heap after
{Heap after GC invocations=514 (full 0):
 garbage-first heap   total 344064K, used 20198K [0x0000000741200000, 0x0000000800000000)
  region size 2048K, 1 young (2048K), 1 survivors (2048K)
 Metaspace       used 18621K, committed 18880K, reserved 1114112K
  class space    used 2050K, committed 2176K, reserved 1048576K
}
Event: 96.008 GC heap before
{Heap before GC invocations=514 (full 0):
 garbage-first heap   total 344064K, used 222950K [0x0000000741200000, 0x0000000800000000)
  region size 2048K, 100 young (204800K), 1 survivors (2048K)
 Metaspace       used 18621K, committed 18880K, reserved 1114112K
  class space    used 2050K, committed 2176K, reserved 1048576K
}
Event: 96.009 GC heap after
{Heap after GC invocations=515 (full 0):
 garbage-first heap   total 344064K, used 20198K [0x0000000741200000, 0x0000000800000000)
  region size 2048K, 1 young (2048K), 1 survivors (2048K)
 Metaspace       used 18621K, committed 18880K, reserved 1114112K
  class space    used 2050K, committed 2176K, reserved 1048576K
}
Event: 96.162 GC heap before
{Heap before GC invocations=515 (full 0):
 garbage-first heap   total 344064K, used 222950K [0x0000000741200000, 0x0000000800000000)
  region size 2048K, 100 young (204800K), 1 survivors (2048K)
 Metaspace       used 18621K, committed 18880K, reserved 1114112K
  class space    used 2050K, committed 2176K, reserved 1048576K
}
Event: 96.163 GC heap after
{Heap after GC invocations=516 (full 0):
 garbage-first heap   total 344064K, used 20198K [0x0000000741200000, 0x0000000800000000)
  region size 2048K, 1 young (2048K), 1 survivors (2048K)
 Metaspace       used 18621K, committed 18880K, reserved 1114112K
  class space    used 2050K, committed 2176K, reserved 1048576K
}
Event: 96.309 GC heap before
{Heap before GC invocations=516 (full 0):
 garbage-first heap   total 344064K, used 222950K [0x0000000741200000, 0x0000000800000000)
  region size 2048K, 100 young (204800K), 1 survivors (2048K)
 Metaspace       used 18621K, committed 18880K, reserved 1114112K
  class space    used 2050K, committed 2176K, reserved 1048576K
}
Event: 96.310 GC heap after
{Heap after GC invocations=517 (full 0):
 garbage-first heap   total 344064K, used 20198K [0x0000000741200000, 0x0000000800000000)
  region size 2048K, 1 young (2048K), 1 survivors (2048K)
 Metaspace       used 18621K, committed 18880K, reserved 1114112K
  class space    used 2050K, committed 2176K, reserved 1048576K
}
Event: 96.492 GC heap before
{Heap before GC invocations=517 (full 0):
 garbage-first heap   total 344064K, used 222950K [0x0000000741200000, 0x0000000800000000)
  region size 2048K, 100 young (204800K), 1 survivors (2048K)
 Metaspace       used 18625K, committed 18880K, reserved 1114112K
  class space    used 2050K, committed 2176K, reserved 1048576K
}
Event: 96.493 GC heap after
{Heap after GC invocations=518 (full 0):
 garbage-first heap   total 344064K, used 20210K [0x0000000741200000, 0x0000000800000000)
  region size 2048K, 1 young (2048K), 1 survivors (2048K)
 Metaspace       used 18625K, committed 18880K, reserved 1114112K
  class space    used 2050K, committed 2176K, reserved 1048576K
}

