# JRE version: Java(TM) SE Runtime Environment (17.0.8+9) (build 17.0.8+9-LTS-211)
# Java VM: Java HotSpot(TM) 64-Bit Server VM (17.0.8+9-LTS-211, mixed mode, sharing, tiered, compressed oops, compressed class ptrs, g1 gc, windows-amd64)
GC Precious Log:
 CPUs: 4 total, 4 available
 Memory: 12210M
 Large Page Support: Disabled
 NUMA Support: Disabled
 Compressed Oops: Enabled (Zero based)
 Heap Region Size: 2M
 Heap Min Capacity: 8M
 Heap Initial Capacity: 192M
 Heap Max Capacity: 3054M
 Pre-touch: Disabled
 Parallel Workers: 4
 Concurrent Workers: 1
 Concurrent Refinement Workers: 4
 Periodic GC: Disabled
Heap:
 garbage-first heap   total 344064K, used 93886K [0x0000000741200000, 0x0000000800000000)
  region size 2048K, 38 young (77824K), 1 survivors (2048K)
 Metaspace       used 18386K, committed 18688K, reserved 1114112K
  class space    used 2050K, committed 2176K, reserved 1048576K
GC Heap History (20 events):
Event: 35.145 GC heap before
{Heap before GC invocations=191 (full 0):
 garbage-first heap   total 344064K, used 222906K [0x0000000741200000, 0x0000000800000000)
  region size 2048K, 100 young (204800K), 1 survivors (2048K)
 Metaspace       used 18369K, committed 18560K, reserved 1114112K
  class space    used 2050K, committed 2176K, reserved 1048576K
}
Event: 35.146 GC heap after
{Heap after GC invocations=192 (full 0):
 garbage-first heap   total 344064K, used 20154K [0x0000000741200000, 0x0000000800000000)
  region size 2048K, 1 young (2048K), 1 survivors (2048K)
 Metaspace       used 18369K, committed 18560K, reserved 1114112K
  class space    used 2050K, committed 2176K, reserved 1048576K
}
Event: 35.295 GC heap before
{Heap before GC invocations=192 (full 0):
 garbage-first heap   total 344064K, used 222906K [0x0000000741200000, 0x0000000800000000)
  region size 2048K, 100 young (204800K), 1 survivors (2048K)
 Metaspace       used 18369K, committed 18560K, reserved 1114112K
  class space    used 2050K, committed 2176K, reserved 1048576K
}
Event: 35.296 GC heap after
{Heap after GC invocations=193 (full 0):
 garbage-first heap   total 344064K, used 20156K [0x0000000741200000, 0x0000000800000000)
  region size 2048K, 1 young (2048K), 1 survivors (2048K)
 Metaspace       used 18369K, committed 18560K, reserved 1114112K
  class space    used 2050K, committed 2176K, reserved 1048576K
}
Event: 35.455 GC heap before
{Heap before GC invocations=193 (full 0):
 garbage-first heap   total 344064K, used 222908K [0x0000000741200000, 0x0000000800000000)
  region size 2048K, 100 young (204800K), 1 survivors (2048K)
 Metaspace       used 18369K, committed 18560K, reserved 1114112K
  class space    used 2050K, committed 2176K, reserved 1048576K
}
Event: 35.456 GC heap after
{Heap after GC invocations=194 (full 0):
 garbage-first heap   total 344064K, used 20154K [0x0000000741200000, 0x0000000800000000)
  region size 2048K, 1 young (2048K), 1 survivors (2048K)
 Metaspace       used 18369K, committed 18560K, reserved 1114112K
  class space    used 2050K, committed 2176K, reserved 1048576K
}
Event: 35.615 GC heap before
{Heap before GC invocations=194 (full 0):
 garbage-first heap   total 344064K, used 222906K [0x0000000741200000, 0x0000000800000000)
  region size 2048K, 100 young (204800K), 1 survivors (2048K)
 Metaspace       used 18373K, committed 18624K, reserved 1114112K
  class space    used 2050K, committed 2176K, reserved 1048576K
}
Event: 35.616 GC heap after
{Heap after GC invocations=195 (full 0):
 garbage-first heap   total 344064K, used 20156K [0x0000000741200000, 0x0000000800000000)
  region size 2048K, 1 young (2048K), 1 survivors (2048K)
 Metaspace       used 18373K, committed 18624K, reserved 1114112K
  class space    used 2050K, committed 2176K, reserved 1048576K
}
Event: 35.774 GC heap before
{Heap before GC invocations=195 (full 0):
 garbage-first heap   total 344064K, used 222908K [0x0000000741200000, 0x0000000800000000)
  region size 2048K, 100 young (204800K), 1 survivors (2048K)
 Metaspace       used 18373K, committed 18624K, reserved 1114112K
  class space    used 2050K, committed 2176K, reserved 1048576K
}
Event: 35.775 GC heap after
{Heap after GC invocations=196 (full 0):
 garbage-first heap   total 344064K, used 20154K [0x0000000741200000, 0x0000000800000000)
  region size 2048K, 1 young (2048K), 1 survivors (2048K)
 Metaspace       used 18373K, committed 18624K, reserved 1114112K
  class space    used 2050K, committed 2176K, reserved 1048576K
}
Event: 35.923 GC heap before
{Heap before GC invocations=196 (full 0):
 garbage-first heap   total 344064K, used 222906K [0x0000000741200000, 0x0000000800000000)
  region size 2048K, 100 young (204800K), 1 survivors (2048K)
 Metaspace       used 18375K, committed 18624K, reserved 1114112K
  class space    used 2050K, committed 2176K, reserved 1048576K
}
Event: 35.925 GC heap after
{Heap after GC invocations=197 (full 0):
 garbage-first heap   total 344064K, used 20168K [0x0000000741200000, 0x0000000800000000)
  region size 2048K, 1 young (2048K), 1 survivors (2048K)
 Metaspace       used 18375K, committed 18624K, reserved 1114112K
  class space    used 2050K, committed 2176K, reserved 1048576K
}
Event: 36.084 GC heap before
{Heap before GC invocations=197 (full 0):
 garbage-first heap   total 344064K, used 222920K [0x0000000741200000, 0x0000000800000000)
  region size 2048K, 100 young (204800K), 1 survivors (2048K)
 Metaspace       used 18375K, committed 18624K, reserved 1114112K
  class space    used 2050K, committed 2176K, reserved 1048576K
}
Event: 36.085 GC heap after
{Heap after GC invocations=198 (full 0):
 garbage-first heap   total 344064K, used 20158K [0x0000000741200000, 0x0000000800000000)
  region size 2048K, 1 young (2048K), 1 survivors (2048K)
 Metaspace       used 18375K, committed 18624K, reserved 1114112K
  class space    used 2050K, committed 2176K, reserved 1048576K
}
Event: 36.249 GC heap before
{Heap before GC invocations=198 (full 0):
 garbage-first heap   total 344064K, used 222910K [0x0000000741200000, 0x0000000800000000)
  region size 2048K, 100 young (204800K), 1 survivors (2048K)
 Metaspace       used 18375K, committed 18624K, reserved 1114112K
  class space    used 2050K, committed 2176K, reserved 1048576K
}
Event: 36.250 GC heap after
{Heap after GC invocations=199 (full 0):
 garbage-first heap   total 344064K, used 20158K [0x0000000741200000, 0x0000000800000000)
  region size 2048K, 1 young (2048K), 1 survivors (2048K)
 Metaspace       used 18375K, committed 18624K, reserved 1114112K
  class space    used 2050K, committed 2176K, reserved 1048576K
}
Event: 36.395 GC heap before
{Heap before GC invocations=199 (full 0):
 garbage-first heap   total 344064K, used 222910K [0x0000000741200000, 0x0000000800000000)
  region size 2048K, 100 young (204800K), 1 survivors (2048K)
 Metaspace       used 18375K, committed 18624K, reserved 1114112K
  class space    used 2050K, committed 2176K, reserved 1048576K
}
Event: 36.396 GC heap after
{Heap after GC invocations=200 (full 0):
 garbage-first heap   total 344064K, used 20160K [0x0000000741200000, 0x0000000800000000)
  region size 2048K, 1 young (2048K), 1 survivors (2048K)
 Metaspace       used 18375K, committed 18624K, reserved 1114112K
  class space    used 2050K, committed 2176K, reserved 1048576K
}
Event: 36.538 GC heap before
{Heap before GC invocations=200 (full 0):
 garbage-first heap   total 344064K, used 222912K [0x0000000741200000, 0x0000000800000000)
  region size 2048K, 100 young (204800K), 1 survivors (2048K)
 Metaspace       used 18375K, committed 18624K, reserved 1114112K
  class space    used 2050K, committed 2176K, reserved 1048576K
}
Event: 36.539 GC heap after
{Heap after GC invocations=201 (full 0):
 garbage-first heap   total 344064K, used 20158K [0x0000000741200000, 0x0000000800000000)
  region size 2048K, 1 young (2048K), 1 survivors (2048K)
 Metaspace       used 18375K, committed 18624K, reserved 1114112K
  class space    used 2050K, committed 2176K, reserved 1048576K
}

