# JRE version: Java(TM) SE Runtime Environment (17.0.8+9) (build 17.0.8+9-LTS-211)
# Java VM: Java HotSpot(TM) 64-Bit Server VM (17.0.8+9-LTS-211, mixed mode, sharing, tiered, compressed oops, compressed class ptrs, g1 gc, windows-amd64)
GC Precious Log:
 CPUs: 4 total, 4 available
 Memory: 12210M
 Large Page Support: Disabled
 NUMA Support: Disabled
 Compressed Oops: Enabled (Zero based)
 Heap Region Size: 2M
 Heap Min Capacity: 8M
 Heap Initial Capacity: 192M
 Heap Max Capacity: 3054M
 Pre-touch: Disabled
 Parallel Workers: 4
 Concurrent Workers: 1
 Concurrent Refinement Workers: 4
 Periodic GC: Disabled
Heap:
 garbage-first heap   total 350208K, used 190210K [0x0000000741200000, 0x0000000800000000)
  region size 2048K, 83 young (169984K), 1 survivors (2048K)
 Metaspace       used 18437K, committed 18688K, reserved 1114112K
  class space    used 2064K, committed 2176K, reserved 1048576K
GC Heap History (20 events):
Event: 45.029 GC heap before
{Heap before GC invocations=230 (full 0):
 garbage-first heap   total 350208K, used 231154K [0x0000000741200000, 0x0000000800000000)
  region size 2048K, 102 young (208896K), 1 survivors (2048K)
 Metaspace       used 18434K, committed 18688K, reserved 1114112K
  class space    used 2064K, committed 2176K, reserved 1048576K
}
Event: 45.030 GC heap after
{Heap after GC invocations=231 (full 0):
 garbage-first heap   total 350208K, used 24302K [0x0000000741200000, 0x0000000800000000)
  region size 2048K, 1 young (2048K), 1 survivors (2048K)
 Metaspace       used 18434K, committed 18688K, reserved 1114112K
  class space    used 2064K, committed 2176K, reserved 1048576K
}
Event: 45.214 GC heap before
{Heap before GC invocations=231 (full 0):
 garbage-first heap   total 350208K, used 231150K [0x0000000741200000, 0x0000000800000000)
  region size 2048K, 102 young (208896K), 1 survivors (2048K)
 Metaspace       used 18434K, committed 18688K, reserved 1114112K
  class space    used 2064K, committed 2176K, reserved 1048576K
}
Event: 45.215 GC heap after
{Heap after GC invocations=232 (full 0):
 garbage-first heap   total 350208K, used 24301K [0x0000000741200000, 0x0000000800000000)
  region size 2048K, 1 young (2048K), 1 survivors (2048K)
 Metaspace       used 18434K, committed 18688K, reserved 1114112K
  class space    used 2064K, committed 2176K, reserved 1048576K
}
Event: 45.379 GC heap before
{Heap before GC invocations=232 (full 0):
 garbage-first heap   total 350208K, used 231149K [0x0000000741200000, 0x0000000800000000)
  region size 2048K, 102 young (208896K), 1 survivors (2048K)
 Metaspace       used 18434K, committed 18688K, reserved 1114112K
  class space    used 2064K, committed 2176K, reserved 1048576K
}
Event: 45.380 GC heap after
{Heap after GC invocations=233 (full 0):
 garbage-first heap   total 350208K, used 24309K [0x0000000741200000, 0x0000000800000000)
  region size 2048K, 1 young (2048K), 1 survivors (2048K)
 Metaspace       used 18434K, committed 18688K, reserved 1114112K
  class space    used 2064K, committed 2176K, reserved 1048576K
}
Event: 45.544 GC heap before
{Heap before GC invocations=233 (full 0):
 garbage-first heap   total 350208K, used 231157K [0x0000000741200000, 0x0000000800000000)
  region size 2048K, 102 young (208896K), 1 survivors (2048K)
 Metaspace       used 18436K, committed 18688K, reserved 1114112K
  class space    used 2064K, committed 2176K, reserved 1048576K
}
Event: 45.545 GC heap after
{Heap after GC invocations=234 (full 0):
 garbage-first heap   total 350208K, used 24310K [0x0000000741200000, 0x0000000800000000)
  region size 2048K, 1 young (2048K), 1 survivors (2048K)
 Metaspace       used 18436K, committed 18688K, reserved 1114112K
  class space    used 2064K, committed 2176K, reserved 1048576K
}
Event: 45.719 GC heap before
{Heap before GC invocations=234 (full 0):
 garbage-first heap   total 350208K, used 231158K [0x0000000741200000, 0x0000000800000000)
  region size 2048K, 102 young (208896K), 1 survivors (2048K)
 Metaspace       used 18436K, committed 18688K, reserved 1114112K
  class space    used 2064K, committed 2176K, reserved 1048576K
}
Event: 45.720 GC heap after
{Heap after GC invocations=235 (full 0):
 garbage-first heap   total 350208K, used 24308K [0x0000000741200000, 0x0000000800000000)
  region size 2048K, 1 young (2048K), 1 survivors (2048K)
 Metaspace       used 18436K, committed 18688K, reserved 1114112K
  class space    used 2064K, committed 2176K, reserved 1048576K
}
Event: 45.881 GC heap before
{Heap before GC invocations=235 (full 0):
 garbage-first heap   total 350208K, used 231156K [0x0000000741200000, 0x0000000800000000)
  region size 2048K, 102 young (208896K), 1 survivors (2048K)
 Metaspace       used 18436K, committed 18688K, reserved 1114112K
  class space    used 2064K, committed 2176K, reserved 1048576K
}
Event: 45.882 GC heap after
{Heap after GC invocations=236 (full 0):
 garbage-first heap   total 350208K, used 24310K [0x0000000741200000, 0x0000000800000000)
  region size 2048K, 1 young (2048K), 1 survivors (2048K)
 Metaspace       used 18436K, committed 18688K, reserved 1114112K
  class space    used 2064K, committed 2176K, reserved 1048576K
}
Event: 46.037 GC heap before
{Heap before GC invocations=236 (full 0):
 garbage-first heap   total 350208K, used 231158K [0x0000000741200000, 0x0000000800000000)
  region size 2048K, 102 young (208896K), 1 survivors (2048K)
 Metaspace       used 18436K, committed 18688K, reserved 1114112K
  class space    used 2064K, committed 2176K, reserved 1048576K
}
Event: 46.038 GC heap after
{Heap after GC invocations=237 (full 0):
 garbage-first heap   total 350208K, used 24310K [0x0000000741200000, 0x0000000800000000)
  region size 2048K, 1 young (2048K), 1 survivors (2048K)
 Metaspace       used 18436K, committed 18688K, reserved 1114112K
  class space    used 2064K, committed 2176K, reserved 1048576K
}
Event: 46.204 GC heap before
{Heap before GC invocations=237 (full 0):
 garbage-first heap   total 350208K, used 231158K [0x0000000741200000, 0x0000000800000000)
  region size 2048K, 102 young (208896K), 1 survivors (2048K)
 Metaspace       used 18436K, committed 18688K, reserved 1114112K
  class space    used 2064K, committed 2176K, reserved 1048576K
}
Event: 46.205 GC heap after
{Heap after GC invocations=238 (full 0):
 garbage-first heap   total 350208K, used 24308K [0x0000000741200000, 0x0000000800000000)
  region size 2048K, 1 young (2048K), 1 survivors (2048K)
 Metaspace       used 18436K, committed 18688K, reserved 1114112K
  class space    used 2064K, committed 2176K, reserved 1048576K
}
Event: 46.366 GC heap before
{Heap before GC invocations=238 (full 0):
 garbage-first heap   total 350208K, used 231156K [0x0000000741200000, 0x0000000800000000)
  region size 2048K, 102 young (208896K), 1 survivors (2048K)
 Metaspace       used 18436K, committed 18688K, reserved 1114112K
  class space    used 2064K, committed 2176K, reserved 1048576K
}
Event: 46.367 GC heap after
{Heap after GC invocations=239 (full 0):
 garbage-first heap   total 350208K, used 24310K [0x0000000741200000, 0x0000000800000000)
  region size 2048K, 1 young (2048K), 1 survivors (2048K)
 Metaspace       used 18436K, committed 18688K, reserved 1114112K
  class space    used 2064K, committed 2176K, reserved 1048576K
}
Event: 46.532 GC heap before
{Heap before GC invocations=239 (full 0):
 garbage-first heap   total 350208K, used 231158K [0x0000000741200000, 0x0000000800000000)
  region size 2048K, 102 young (208896K), 1 survivors (2048K)
 Metaspace       used 18436K, committed 18688K, reserved 1114112K
  class space    used 2064K, committed 2176K, reserved 1048576K
}
Event: 46.533 GC heap after
{Heap after GC invocations=240 (full 0):
 garbage-first heap   total 350208K, used 24308K [0x0000000741200000, 0x0000000800000000)
  region size 2048K, 1 young (2048K), 1 survivors (2048K)
 Metaspace       used 18436K, committed 18688K, reserved 1114112K
  class space    used 2064K, committed 2176K, reserved 1048576K
}

